2022-07-07T22:18:34.687+0800	[34mINFO[0m	naming_client/push_receiver.go:80	udp server start, port: 54974
2022-07-07T22:18:34.690+0800	[34mINFO[0m	naming_client/naming_proxy.go:54	register instance namespaceId:<>,serviceName:<DEFAULT_GROUP@@websocket_gateway_1> with instance:<{"valid":false,"marked":false,"instanceId":"","port":8080,"ip":"localhost","weight":10,"metadata":{"idc":"beijing"},"clusterName":"","serviceName":"","enabled":true,"healthy":true,"ephemeral":true}>
2022-07-07T22:18:34.728+0800	[34mINFO[0m	naming_client/beat_reactor.go:68	adding beat: <{"ip":"localhost","port":8080,"weight":10,"serviceName":"DEFAULT_GROUP@@websocket_gateway_1","cluster":"","metadata":{"idc":"beijing"},"scheduled":false}> to beat map
2022-07-07T22:18:34.737+0800	[34mINFO[0m	naming_client/naming_proxy.go:103	namespaceId:<> sending beat to server:<{"ip":"localhost","port":8080,"weight":10,"serviceName":"DEFAULT_GROUP@@websocket_gateway_1","cluster":"","metadata":{"idc":"beijing"},"scheduled":false}>
2022-07-07T22:18:40.154+0800	[34mINFO[0m	naming_client/naming_proxy.go:103	namespaceId:<> sending beat to server:<{"ip":"localhost","port":8080,"weight":10,"serviceName":"DEFAULT_GROUP@@websocket_gateway_1","cluster":"","metadata":{"idc":"beijing"},"scheduled":false}>
2022-07-07T22:18:45.206+0800	[34mINFO[0m	naming_client/naming_proxy.go:103	namespaceId:<> sending beat to server:<{"ip":"localhost","port":8080,"weight":10,"serviceName":"DEFAULT_GROUP@@websocket_gateway_1","cluster":"","metadata":{"idc":"beijing"},"scheduled":false}>
2022-07-07T22:18:50.275+0800	[34mINFO[0m	naming_client/naming_proxy.go:103	namespaceId:<> sending beat to server:<{"ip":"localhost","port":8080,"weight":10,"serviceName":"DEFAULT_GROUP@@websocket_gateway_1","cluster":"","metadata":{"idc":"beijing"},"scheduled":false}>
2022-07-07T22:18:55.327+0800	[34mINFO[0m	naming_client/naming_proxy.go:103	namespaceId:<> sending beat to server:<{"ip":"localhost","port":8080,"weight":10,"serviceName":"DEFAULT_GROUP@@websocket_gateway_1","cluster":"","metadata":{"idc":"beijing"},"scheduled":false}>
2022-07-07T22:19:00.424+0800	[34mINFO[0m	naming_client/naming_proxy.go:103	namespaceId:<> sending beat to server:<{"ip":"localhost","port":8080,"weight":10,"serviceName":"DEFAULT_GROUP@@websocket_gateway_1","cluster":"","metadata":{"idc":"beijing"},"scheduled":false}>
2022-07-07T22:19:05.444+0800	[34mINFO[0m	naming_client/naming_proxy.go:103	namespaceId:<> sending beat to server:<{"ip":"localhost","port":8080,"weight":10,"serviceName":"DEFAULT_GROUP@@websocket_gateway_1","cluster":"","metadata":{"idc":"beijing"},"scheduled":false}>
2022-07-07T22:19:10.496+0800	[34mINFO[0m	naming_client/naming_proxy.go:103	namespaceId:<> sending beat to server:<{"ip":"localhost","port":8080,"weight":10,"serviceName":"DEFAULT_GROUP@@websocket_gateway_1","cluster":"","metadata":{"idc":"beijing"},"scheduled":false}>
2022-07-07T22:19:15.579+0800	[34mINFO[0m	naming_client/naming_proxy.go:103	namespaceId:<> sending beat to server:<{"ip":"localhost","port":8080,"weight":10,"serviceName":"DEFAULT_GROUP@@websocket_gateway_1","cluster":"","metadata":{"idc":"beijing"},"scheduled":false}>
2022-07-07T22:19:20.626+0800	[34mINFO[0m	naming_client/naming_proxy.go:103	namespaceId:<> sending beat to server:<{"ip":"localhost","port":8080,"weight":10,"serviceName":"DEFAULT_GROUP@@websocket_gateway_1","cluster":"","metadata":{"idc":"beijing"},"scheduled":false}>
2022-07-07T22:19:28.082+0800	[34mINFO[0m	naming_client/push_receiver.go:80	udp server start, port: 55336
2022-07-07T22:19:28.083+0800	[34mINFO[0m	naming_client/naming_proxy.go:54	register instance namespaceId:<>,serviceName:<DEFAULT_GROUP@@websocket_gateway_1> with instance:<{"valid":false,"marked":false,"instanceId":"","port":8080,"ip":"localhost","weight":10,"metadata":{"idc":"beijing"},"clusterName":"","serviceName":"","enabled":true,"healthy":true,"ephemeral":true}>
2022-07-07T22:19:28.112+0800	[34mINFO[0m	naming_client/beat_reactor.go:68	adding beat: <{"ip":"localhost","port":8080,"weight":10,"serviceName":"DEFAULT_GROUP@@websocket_gateway_1","cluster":"","metadata":{"idc":"beijing"},"scheduled":false}> to beat map
2022-07-07T22:19:28.112+0800	[34mINFO[0m	naming_client/naming_proxy.go:103	namespaceId:<> sending beat to server:<{"ip":"localhost","port":8080,"weight":10,"serviceName":"DEFAULT_GROUP@@websocket_gateway_1","cluster":"","metadata":{"idc":"beijing"},"scheduled":false}>
2022-07-07T22:19:33.139+0800	[34mINFO[0m	naming_client/naming_proxy.go:103	namespaceId:<> sending beat to server:<{"ip":"localhost","port":8080,"weight":10,"serviceName":"DEFAULT_GROUP@@websocket_gateway_1","cluster":"","metadata":{"idc":"beijing"},"scheduled":false}>
2022-07-07T22:19:38.924+0800	[34mINFO[0m	naming_client/naming_proxy.go:103	namespaceId:<> sending beat to server:<{"ip":"localhost","port":8080,"weight":10,"serviceName":"DEFAULT_GROUP@@websocket_gateway_1","cluster":"","metadata":{"idc":"beijing"},"scheduled":false}>
2022-07-07T22:19:43.945+0800	[34mINFO[0m	naming_client/naming_proxy.go:103	namespaceId:<> sending beat to server:<{"ip":"localhost","port":8080,"weight":10,"serviceName":"DEFAULT_GROUP@@websocket_gateway_1","cluster":"","metadata":{"idc":"beijing"},"scheduled":false}>
2022-07-07T22:19:48.967+0800	[34mINFO[0m	naming_client/naming_proxy.go:103	namespaceId:<> sending beat to server:<{"ip":"localhost","port":8080,"weight":10,"serviceName":"DEFAULT_GROUP@@websocket_gateway_1","cluster":"","metadata":{"idc":"beijing"},"scheduled":false}>
2022-07-07T22:19:53.994+0800	[34mINFO[0m	naming_client/naming_proxy.go:103	namespaceId:<> sending beat to server:<{"ip":"localhost","port":8080,"weight":10,"serviceName":"DEFAULT_GROUP@@websocket_gateway_1","cluster":"","metadata":{"idc":"beijing"},"scheduled":false}>
2022-07-07T22:19:59.041+0800	[34mINFO[0m	naming_client/naming_proxy.go:103	namespaceId:<> sending beat to server:<{"ip":"localhost","port":8080,"weight":10,"serviceName":"DEFAULT_GROUP@@websocket_gateway_1","cluster":"","metadata":{"idc":"beijing"},"scheduled":false}>
2022-07-07T22:20:04.093+0800	[34mINFO[0m	naming_client/naming_proxy.go:103	namespaceId:<> sending beat to server:<{"ip":"localhost","port":8080,"weight":10,"serviceName":"DEFAULT_GROUP@@websocket_gateway_1","cluster":"","metadata":{"idc":"beijing"},"scheduled":false}>
2022-07-07T22:20:09.483+0800	[34mINFO[0m	naming_client/naming_proxy.go:103	namespaceId:<> sending beat to server:<{"ip":"localhost","port":8080,"weight":10,"serviceName":"DEFAULT_GROUP@@websocket_gateway_1","cluster":"","metadata":{"idc":"beijing"},"scheduled":false}>
2022-07-07T22:20:14.509+0800	[34mINFO[0m	naming_client/naming_proxy.go:103	namespaceId:<> sending beat to server:<{"ip":"localhost","port":8080,"weight":10,"serviceName":"DEFAULT_GROUP@@websocket_gateway_1","cluster":"","metadata":{"idc":"beijing"},"scheduled":false}>
2022-07-07T22:20:19.531+0800	[34mINFO[0m	naming_client/naming_proxy.go:103	namespaceId:<> sending beat to server:<{"ip":"localhost","port":8080,"weight":10,"serviceName":"DEFAULT_GROUP@@websocket_gateway_1","cluster":"","metadata":{"idc":"beijing"},"scheduled":false}>
2022-07-07T22:20:24.595+0800	[34mINFO[0m	naming_client/naming_proxy.go:103	namespaceId:<> sending beat to server:<{"ip":"localhost","port":8080,"weight":10,"serviceName":"DEFAULT_GROUP@@websocket_gateway_1","cluster":"","metadata":{"idc":"beijing"},"scheduled":false}>
2022-07-07T22:20:29.945+0800	[34mINFO[0m	naming_client/naming_proxy.go:103	namespaceId:<> sending beat to server:<{"ip":"localhost","port":8080,"weight":10,"serviceName":"DEFAULT_GROUP@@websocket_gateway_1","cluster":"","metadata":{"idc":"beijing"},"scheduled":false}>
2022-07-07T22:20:35.027+0800	[34mINFO[0m	naming_client/naming_proxy.go:103	namespaceId:<> sending beat to server:<{"ip":"localhost","port":8080,"weight":10,"serviceName":"DEFAULT_GROUP@@websocket_gateway_1","cluster":"","metadata":{"idc":"beijing"},"scheduled":false}>
2022-07-07T22:20:40.050+0800	[34mINFO[0m	naming_client/naming_proxy.go:103	namespaceId:<> sending beat to server:<{"ip":"localhost","port":8080,"weight":10,"serviceName":"DEFAULT_GROUP@@websocket_gateway_1","cluster":"","metadata":{"idc":"beijing"},"scheduled":false}>
2022-07-07T22:20:45.075+0800	[34mINFO[0m	naming_client/naming_proxy.go:103	namespaceId:<> sending beat to server:<{"ip":"localhost","port":8080,"weight":10,"serviceName":"DEFAULT_GROUP@@websocket_gateway_1","cluster":"","metadata":{"idc":"beijing"},"scheduled":false}>
2022-07-07T22:20:50.159+0800	[34mINFO[0m	naming_client/naming_proxy.go:103	namespaceId:<> sending beat to server:<{"ip":"localhost","port":8080,"weight":10,"serviceName":"DEFAULT_GROUP@@websocket_gateway_1","cluster":"","metadata":{"idc":"beijing"},"scheduled":false}>
2022-07-07T22:20:55.227+0800	[34mINFO[0m	naming_client/naming_proxy.go:103	namespaceId:<> sending beat to server:<{"ip":"localhost","port":8080,"weight":10,"serviceName":"DEFAULT_GROUP@@websocket_gateway_1","cluster":"","metadata":{"idc":"beijing"},"scheduled":false}>
2022-07-07T22:21:00.283+0800	[34mINFO[0m	naming_client/naming_proxy.go:103	namespaceId:<> sending beat to server:<{"ip":"localhost","port":8080,"weight":10,"serviceName":"DEFAULT_GROUP@@websocket_gateway_1","cluster":"","metadata":{"idc":"beijing"},"scheduled":false}>
2022-07-07T22:21:05.397+0800	[34mINFO[0m	naming_client/naming_proxy.go:103	namespaceId:<> sending beat to server:<{"ip":"localhost","port":8080,"weight":10,"serviceName":"DEFAULT_GROUP@@websocket_gateway_1","cluster":"","metadata":{"idc":"beijing"},"scheduled":false}>
2022-07-07T22:21:11.279+0800	[34mINFO[0m	naming_client/naming_proxy.go:103	namespaceId:<> sending beat to server:<{"ip":"localhost","port":8080,"weight":10,"serviceName":"DEFAULT_GROUP@@websocket_gateway_1","cluster":"","metadata":{"idc":"beijing"},"scheduled":false}>
2022-07-07T22:21:16.378+0800	[34mINFO[0m	naming_client/naming_proxy.go:103	namespaceId:<> sending beat to server:<{"ip":"localhost","port":8080,"weight":10,"serviceName":"DEFAULT_GROUP@@websocket_gateway_1","cluster":"","metadata":{"idc":"beijing"},"scheduled":false}>
2022-07-07T22:21:16.945+0800	[34mINFO[0m	util/common.go:94	Local IP:192.168.188.1
2022-07-07T22:21:16.974+0800	[34mINFO[0m	naming_client/host_reactor.go:95	service not found in cache DEFAULT_GROUP@@auth-serve
